#0 building with "default" instance using docker driver

#1 [internal] load build definition from Dockerfile
#1 transferring dockerfile: 1.56kB done
#1 DONE 0.0s

#2 [internal] load metadata for docker.io/library/ubuntu:16.04
#2 DONE 0.1s

#3 [internal] load .dockerignore
#3 transferring context: 2B done
#3 DONE 0.0s

#4 [ 1/11] FROM docker.io/library/ubuntu:16.04@sha256:1f1a2d56de1d604801a9671f301190704c25d604a416f59e03c04f5c6ffee0d6
#4 DONE 0.0s

#5 [internal] load build context
#5 transferring context: 182B done
#5 DONE 0.0s

#6 [ 2/11] COPY vivado_cfg.txt /tmp/vivado_cfg.txt
#6 CACHED

#7 [ 3/11] COPY install_vivado.sh /tmp/install_vivado.sh
#7 CACHED

#8 [ 4/11] COPY Xilinx_Vivado_SDx_Update_2018.3.1_0326_0329.tar.gz /tmp/vivado.tar.gz
#8 CACHED

#9 [ 5/11] RUN chmod +x /tmp/install_vivado.sh
#9 CACHED

#10 [ 6/11] RUN  /tmp/install_vivado.sh && rm /tmp/install_vivado.sh
#10 0.251 install_vivado.sh
#10 0.251 vivado.tar.gz
#10 0.251 vivado_cfg.txt
#10 23.92 Running in batch mode...
#10 24.27 Copyright (c) 1986-2024 Xilinx, Inc.  All rights reserved.
#10 24.28 
#10 24.28 WARN : The configuration property EnableDiskUsageOptimization is unknown and will be ignored.INFO : Log file location - /root/.Xilinx/xinstall/xinstall_1712173574737.log
#10 27.04 INFO : Edition Selected to be installed: Vivado HL WebPACK
#10 27.04 ERROR: The value specified in the configuration file for Modules (Software Development Kit (SDK):0,DocNav:0,Kintex UltraScale:1,Zynq-7000:1,System Generator for DSP:0,Artix-7:1,Kintex-7:0) is not valid.
#10 27.70 /tmp/install_vivado.sh: line 48: curl: command not found
#10 27.70 mv: cannot stat 'y2k22_patch.zip': No such file or directory
#10 27.70 /tmp/install_vivado.sh: line 51: cd: /opt/Xilinx: No such file or directory
#10 27.70 /tmp/install_vivado.sh: line 52: unzip: command not found
#10 27.70 /tmp/install_vivado.sh: line 53: python: command not found
#10 ERROR: process "/bin/sh -c /tmp/install_vivado.sh && rm /tmp/install_vivado.sh" did not complete successfully: exit code: 1
------
 > [ 6/11] RUN  /tmp/install_vivado.sh && rm /tmp/install_vivado.sh:
23.92 Running in batch mode...
24.27 Copyright (c) 1986-2024 Xilinx, Inc.  All rights reserved.

27.04 INFO : Edition Selected to be installed: Vivado HL WebPACK
27.04 ERROR: The value specified in the configuration file for Modules (Software Development Kit (SDK):0,DocNav:0,Kintex UltraScale:1,Zynq-7000:1,System Generator for DSP:0,Artix-7:1,Kintex-7:0) is not valid.
27.70 /tmp/install_vivado.sh: line 48: curl: command not found
27.70 mv: cannot stat 'y2k22_patch.zip': No such file or directory
27.70 /tmp/install_vivado.sh: line 51: cd: /opt/Xilinx: No such file or directory
27.70 /tmp/install_vivado.sh: line 52: unzip: command not found
27.70 /tmp/install_vivado.sh: line 53: python: command not found
------
Dockerfile:14
--------------------
  12 |     RUN chmod +x /tmp/install_vivado.sh
  13 |     
  14 | >>> RUN  /tmp/install_vivado.sh && rm /tmp/install_vivado.sh
  15 |     
  16 |     RUN apt-get update && apt-get install -y \
--------------------
ERROR: failed to solve: process "/bin/sh -c /tmp/install_vivado.sh && rm /tmp/install_vivado.sh" did not complete successfully: exit code: 1
